<?xml version="1.0" encoding="UTF-8"?>
<!-- Generated by org.testng.reporters.JUnitXMLReporter -->
<testsuite ignored="0" hostname="chenththuran" failures="0" tests="3" name="Default test" time="5.146" errors="0" timestamp="2024-05-16T23:28:37 BST">
  <testcase classname="com.rest.examples.DynamicJson" name="addBook" time="3.298"/>
  <testcase classname="com.rest.examples.DynamicJson" name="addBook" time="0.811"/>
  <testcase classname="com.rest.examples.DynamicJson" name="addBook" time="0.95"/>
</testsuite> <!-- Default test -->
